Determining if the pthread_create exist failed with the following output:
Change Dir: /home/wangqiang/catkin_ws/build/CMakeFiles/CMakeTmp

Run Build Command:"/usr/bin/make" "cmTC_50e73/fast"
/usr/bin/make -f CMakeFiles/cmTC_50e73.dir/build.make CMakeFiles/cmTC_50e73.dir/build
make[1]: Entering directory '/home/wangqiang/catkin_ws/build/CMakeFiles/CMakeTmp'
Building C object CMakeFiles/cmTC_50e73.dir/CheckSymbolExists.c.o
/usr/bin/cc     -o CMakeFiles/cmTC_50e73.dir/CheckSymbolExists.c.o   -c /home/wangqiang/catkin_ws/build/CMakeFiles/CMakeTmp/CheckSymbolExists.c
Linking C executable cmTC_50e73
/usr/bin/cmake -E cmake_link_script CMakeFiles/cmTC_50e73.dir/link.txt --verbose=1
/usr/bin/cc       CMakeFiles/cmTC_50e73.dir/CheckSymbolExists.c.o  -o cmTC_50e73 -rdynamic 
CMakeFiles/cmTC_50e73.dir/CheckSymbolExists.c.o：在函数‘main’中：
CheckSymbolExists.c:(.text+0x16)：对‘pthread_create’未定义的引用
collect2: error: ld returned 1 exit status
CMakeFiles/cmTC_50e73.dir/build.make:97: recipe for target 'cmTC_50e73' failed
make[1]: *** [cmTC_50e73] Error 1
make[1]: Leaving directory '/home/wangqiang/catkin_ws/build/CMakeFiles/CMakeTmp'
Makefile:126: recipe for target 'cmTC_50e73/fast' failed
make: *** [cmTC_50e73/fast] Error 2

File /home/wangqiang/catkin_ws/build/CMakeFiles/CMakeTmp/CheckSymbolExists.c:
/* */
#include <pthread.h>

int main(int argc, char** argv)
{
  (void)argv;
#ifndef pthread_create
  return ((int*)(&pthread_create))[argc];
#else
  (void)argc;
  return 0;
#endif
}

Determining if the function pthread_create exists in the pthreads failed with the following output:
Change Dir: /home/wangqiang/catkin_ws/build/CMakeFiles/CMakeTmp

Run Build Command:"/usr/bin/make" "cmTC_58780/fast"
/usr/bin/make -f CMakeFiles/cmTC_58780.dir/build.make CMakeFiles/cmTC_58780.dir/build
make[1]: Entering directory '/home/wangqiang/catkin_ws/build/CMakeFiles/CMakeTmp'
Building C object CMakeFiles/cmTC_58780.dir/CheckFunctionExists.c.o
/usr/bin/cc    -DCHECK_FUNCTION_EXISTS=pthread_create   -o CMakeFiles/cmTC_58780.dir/CheckFunctionExists.c.o   -c /usr/share/cmake-3.5/Modules/CheckFunctionExists.c
Linking C executable cmTC_58780
/usr/bin/cmake -E cmake_link_script CMakeFiles/cmTC_58780.dir/link.txt --verbose=1
/usr/bin/cc   -DCHECK_FUNCTION_EXISTS=pthread_create    CMakeFiles/cmTC_58780.dir/CheckFunctionExists.c.o  -o cmTC_58780 -rdynamic -lpthreads 
/usr/bin/ld: 找不到 -lpthreads
collect2: error: ld returned 1 exit status
CMakeFiles/cmTC_58780.dir/build.make:97: recipe for target 'cmTC_58780' failed
make[1]: *** [cmTC_58780] Error 1
make[1]: Leaving directory '/home/wangqiang/catkin_ws/build/CMakeFiles/CMakeTmp'
Makefile:126: recipe for target 'cmTC_58780/fast' failed
make: *** [cmTC_58780/fast] Error 2


